<?xml version="1.0" encoding="UTF-8"?>
<!-- Generated by org.testng.reporters.JUnitReportReporter -->
<testsuite hostname="ajay-singh-lodhi" failures="0" tests="9" name="controls.Edit" time="219.688" errors="0" timestamp="2022-10-12T12:42:55 IST" skipped="0">
  <testcase classname="controls.Edit" name="test2" time="24.480"/>
  <system-out/>
  <testcase classname="controls.Edit" name="test4" time="24.784"/>
  <system-out/>
  <testcase classname="controls.Edit" name="test" time="26.740"/>
  <system-out/>
  <testcase classname="controls.Edit" name="test5" time="24.166"/>
  <system-out/>
  <testcase classname="controls.Edit" name="test7" time="23.428"/>
  <system-out/>
  <testcase classname="controls.Edit" name="test3" time="23.133"/>
  <system-out/>
  <testcase classname="controls.Edit" name="test6" time="25.677"/>
  <system-out/>
  <testcase classname="controls.Edit" name="test1" time="25.819"/>
  <system-out/>
  <testcase classname="controls.Edit" name="test8" time="21.461"/>
  <system-out/>
</testsuite> <!-- controls.Edit -->
