<?xml version="1.0" encoding="UTF-8"?>
<!-- Generated by org.testng.reporters.JUnitReportReporter -->
<testsuite hostname="ajay-singh-lodhi" failures="0" tests="7" name="nextpage.testcase" time="84.867" errors="0" timestamp="2021-10-05T15:27:20 IST" skipped="0">
  <testcase classname="nextpage.testcase" name="test2" time="11.546"/>
  <system-out/>
  <testcase classname="nextpage.testcase" name="test1" time="12.035"/>
  <system-out/>
  <testcase classname="nextpage.testcase" name="test5" time="11.026"/>
  <system-out/>
  <testcase classname="nextpage.testcase" name="test" time="14.746"/>
  <system-out/>
  <testcase classname="nextpage.testcase" name="test6" time="11.894"/>
  <system-out/>
  <testcase classname="nextpage.testcase" name="test3" time="11.670"/>
  <system-out/>
  <testcase classname="nextpage.testcase" name="test4" time="11.950"/>
  <system-out/>
</testsuite> <!-- nextpage.testcase -->
