<?xml version="1.0" encoding="UTF-8"?>
<!-- Generated by org.testng.reporters.JUnitReportReporter -->
<testsuite hostname="ajay-singh-lodhi" failures="0" tests="1" name="Troopmessenger.InvalidData" time="7.950" errors="0" timestamp="2021-09-30T12:43:31 IST" skipped="0">
  <testcase classname="Troopmessenger.InvalidData" name="abc_abcd_qwert12345_abdcd" time="7.950"/>
  <system-out/>
</testsuite> <!-- Troopmessenger.InvalidData -->
