<?xml version="1.0" encoding="UTF-8"?>
<!-- Generated by org.testng.reporters.JUnitReportReporter -->
<testsuite hostname="ajay-singh-lodhi" failures="0" tests="16" name="controls.Access" time="260.104" errors="0" timestamp="2022-10-12T17:11:43 IST" skipped="0">
  <testcase classname="controls.Access" name="test03" time="18.678"/>
  <system-out/>
  <testcase classname="controls.Access" name="test" time="15.725"/>
  <system-out/>
  <testcase classname="controls.Access" name="test05" time="17.851"/>
  <system-out/>
  <testcase classname="controls.Access" name="test02" time="16.376"/>
  <system-out/>
  <testcase classname="controls.Access" name="test15" time="14.692"/>
  <system-out/>
  <testcase classname="controls.Access" name="test12" time="15.527"/>
  <system-out/>
  <testcase classname="controls.Access" name="test08" time="14.985"/>
  <system-out/>
  <testcase classname="controls.Access" name="test14" time="16.123"/>
  <system-out/>
  <testcase classname="controls.Access" name="test07" time="15.597"/>
  <system-out/>
  <testcase classname="controls.Access" name="test10" time="15.730"/>
  <system-out/>
  <testcase classname="controls.Access" name="test13" time="15.206"/>
  <system-out/>
  <testcase classname="controls.Access" name="test01" time="16.600"/>
  <system-out/>
  <testcase classname="controls.Access" name="test04" time="18.890"/>
  <system-out/>
  <testcase classname="controls.Access" name="test06" time="15.307"/>
  <system-out/>
  <testcase classname="controls.Access" name="test11" time="15.797"/>
  <system-out/>
  <testcase classname="controls.Access" name="test09" time="17.020"/>
  <system-out/>
</testsuite> <!-- controls.Access -->
