<?xml version="1.0" encoding="UTF-8"?>
<!-- Generated by org.testng.reporters.JUnitReportReporter -->
<testsuite hostname="ajay-singh-lodhi" failures="0" tests="4" name="frokout.frokout" time="37.205" errors="0" timestamp="2021-10-23T18:03:53 IST" skipped="0">
  <testcase classname="frokout.frokout" name="test" time="9.848"/>
  <system-out/>
  <testcase classname="frokout.frokout" name="test2" time="9.064"/>
  <system-out/>
  <testcase classname="frokout.frokout" name="test3" time="8.701"/>
  <system-out/>
  <testcase classname="frokout.frokout" name="test1" time="9.592"/>
  <system-out/>
</testsuite> <!-- frokout.frokout -->
