<?xml version="1.0" encoding="UTF-8"?>
<!-- Generated by org.testng.reporters.JUnitReportReporter -->
<testsuite hostname="ajay-singh-lodhi" failures="0" tests="11" name="users.Department" time="240.422" errors="0" timestamp="2022-01-05T15:46:31 IST" skipped="0">
  <testcase classname="users.Department" name="test9" time="22.294"/>
  <system-out/>
  <testcase classname="users.Department" name="test" time="22.455"/>
  <system-out/>
  <testcase classname="users.Department" name="testcase10" time="26.030"/>
  <system-out/>
  <testcase classname="users.Department" name="test4" time="20.499"/>
  <system-out/>
  <testcase classname="users.Department" name="test6" time="20.312"/>
  <system-out/>
  <testcase classname="users.Department" name="test3" time="20.474"/>
  <system-out/>
  <testcase classname="users.Department" name="test5" time="20.487"/>
  <system-out/>
  <testcase classname="users.Department" name="test7" time="21.247"/>
  <system-out/>
  <testcase classname="users.Department" name="test8" time="21.678"/>
  <system-out/>
  <testcase classname="users.Department" name="test1" time="20.510"/>
  <system-out/>
  <testcase classname="users.Department" name="test2" time="24.436"/>
  <system-out/>
</testsuite> <!-- users.Department -->
