<?xml version="1.0" encoding="UTF-8"?>
<!-- Generated by org.testng.reporters.JUnitReportReporter -->
<testsuite hostname="ajay-singh-lodhi" failures="0" tests="4" name="locationTracking.location" time="72.909" errors="0" timestamp="2023-09-12T12:05:19 IST" skipped="0">
  <testcase classname="locationTracking.location" name="test02" time="17.204"/>
  <system-out/>
  <testcase classname="locationTracking.location" name="test03" time="20.919"/>
  <system-out/>
  <testcase classname="locationTracking.location" name="test" time="15.479"/>
  <system-out/>
  <testcase classname="locationTracking.location" name="test01" time="19.307"/>
  <system-out/>
</testsuite> <!-- locationTracking.location -->
