<?xml version="1.0" encoding="UTF-8"?>
<!-- Generated by org.testng.reporters.JUnitReportReporter -->
<testsuite hostname="ajay-singh-lodhi" failures="0" tests="14" name="ExtentReport.Groups" time="162.304" errors="0" timestamp="2021-10-08T13:34:55 IST" skipped="0">
  <testcase classname="ExtentReport.Groups" name="test1" time="10.798"/>
  <system-out/>
  <testcase classname="ExtentReport.Groups" name="test5" time="11.042"/>
  <system-out/>
  <testcase classname="ExtentReport.Groups" name="test9" time="11.248"/>
  <system-out/>
  <testcase classname="ExtentReport.Groups" name="test2" time="11.158"/>
  <system-out/>
  <testcase classname="ExtentReport.Groups" name="test3" time="11.100"/>
  <system-out/>
  <testcase classname="ExtentReport.Groups" name="test8" time="11.348"/>
  <system-out/>
  <testcase classname="ExtentReport.Groups" name="testcase13" time="12.589"/>
  <system-out/>
  <testcase classname="ExtentReport.Groups" name="testcase11" time="12.593"/>
  <system-out/>
  <testcase classname="ExtentReport.Groups" name="test4" time="10.778"/>
  <system-out/>
  <testcase classname="ExtentReport.Groups" name="testcase12" time="12.364"/>
  <system-out/>
  <testcase classname="ExtentReport.Groups" name="test" time="10.270"/>
  <system-out/>
  <testcase classname="ExtentReport.Groups" name="testcase10" time="12.310"/>
  <system-out/>
  <testcase classname="ExtentReport.Groups" name="test7" time="13.910"/>
  <system-out/>
  <testcase classname="ExtentReport.Groups" name="test6" time="10.796"/>
  <system-out/>
</testsuite> <!-- ExtentReport.Groups -->
