<?xml version="1.0" encoding="UTF-8"?>
<!-- Generated by org.testng.reporters.JUnitReportReporter -->
<testsuite hostname="ajay-singh-lodhi" failures="0" tests="10" name="controls.indicatorandmarker" time="227.600" errors="0" timestamp="2022-10-13T15:08:56 IST" skipped="0">
  <testcase classname="controls.indicatorandmarker" name="test4" time="18.288"/>
  <system-out/>
  <testcase classname="controls.indicatorandmarker" name="test7" time="25.962"/>
  <system-out/>
  <testcase classname="controls.indicatorandmarker" name="test5" time="18.878"/>
  <system-out/>
  <testcase classname="controls.indicatorandmarker" name="test" time="26.453"/>
  <system-out/>
  <testcase classname="controls.indicatorandmarker" name="test1" time="26.157"/>
  <system-out/>
  <testcase classname="controls.indicatorandmarker" name="test6" time="27.541"/>
  <system-out/>
  <testcase classname="controls.indicatorandmarker" name="test8" time="18.410"/>
  <system-out/>
  <testcase classname="controls.indicatorandmarker" name="test2" time="23.765"/>
  <system-out/>
  <testcase classname="controls.indicatorandmarker" name="test9" time="18.323"/>
  <system-out/>
  <testcase classname="controls.indicatorandmarker" name="test3" time="23.823"/>
  <system-out/>
</testsuite> <!-- controls.indicatorandmarker -->
