<?xml version="1.0" encoding="UTF-8"?>
<!-- Generated by org.testng.reporters.JUnitReportReporter -->
<testsuite hostname="ajay-singh-lodhi" failures="0" tests="11" name="controls.voicemessage" time="371.587" errors="0" timestamp="2022-10-14T17:16:39 IST" skipped="0">
  <testcase classname="controls.voicemessage" name="test03" time="34.516"/>
  <system-out/>
  <testcase classname="controls.voicemessage" name="test" time="33.586"/>
  <system-out/>
  <testcase classname="controls.voicemessage" name="test01" time="29.978"/>
  <system-out/>
  <testcase classname="controls.voicemessage" name="test07" time="31.512"/>
  <system-out/>
  <testcase classname="controls.voicemessage" name="test09" time="29.817"/>
  <system-out/>
  <testcase classname="controls.voicemessage" name="test10" time="29.971"/>
  <system-out/>
  <testcase classname="controls.voicemessage" name="test06" time="31.145"/>
  <system-out/>
  <testcase classname="controls.voicemessage" name="test04" time="40.524"/>
  <system-out/>
  <testcase classname="controls.voicemessage" name="test02" time="35.897"/>
  <system-out/>
  <testcase classname="controls.voicemessage" name="test08" time="33.855"/>
  <system-out/>
  <testcase classname="controls.voicemessage" name="test05" time="40.786"/>
  <system-out/>
</testsuite> <!-- controls.voicemessage -->
