<?xml version="1.0" encoding="UTF-8"?>
<!-- Generated by org.testng.reporters.JUnitReportReporter -->
<testsuite hostname="ajay-singh-lodhi" failures="0" tests="69" name="search.Updatedsearchforgroups" time="1281.002" errors="0" timestamp="2023-04-14T18:51:52 IST" skipped="0">
  <testcase classname="search.Updatedsearchforgroups" name="test19" time="19.016"/>
  <system-out/>
  <testcase classname="search.Updatedsearchforgroups" name="test17" time="17.659"/>
  <system-out/>
  <testcase classname="search.Updatedsearchforgroups" name="test60" time="23.298"/>
  <system-out/>
  <testcase classname="search.Updatedsearchforgroups" name="test50" time="16.307"/>
  <system-out/>
  <testcase classname="search.Updatedsearchforgroups" name="test005" time="19.745"/>
  <system-out/>
  <testcase classname="search.Updatedsearchforgroups" name="test42" time="16.326"/>
  <system-out/>
  <testcase classname="search.Updatedsearchforgroups" name="test47" time="17.962"/>
  <system-out/>
  <testcase classname="search.Updatedsearchforgroups" name="test006" time="19.303"/>
  <system-out/>
  <testcase classname="search.Updatedsearchforgroups" name="test000" time="15.047"/>
  <system-out/>
  <testcase classname="search.Updatedsearchforgroups" name="test54" time="20.993"/>
  <system-out/>
  <testcase classname="search.Updatedsearchforgroups" name="test30" time="16.542"/>
  <system-out/>
  <testcase classname="search.Updatedsearchforgroups" name="test16" time="19.966"/>
  <system-out/>
  <testcase classname="search.Updatedsearchforgroups" name="test32" time="16.900"/>
  <system-out/>
  <testcase classname="search.Updatedsearchforgroups" name="test66" time="25.270"/>
  <system-out/>
  <testcase classname="search.Updatedsearchforgroups" name="test67" time="25.313"/>
  <system-out/>
  <testcase classname="search.Updatedsearchforgroups" name="test22" time="23.410"/>
  <system-out/>
  <testcase classname="search.Updatedsearchforgroups" name="test13" time="17.579"/>
  <system-out/>
  <testcase classname="search.Updatedsearchforgroups" name="test21" time="19.688"/>
  <system-out/>
  <testcase classname="search.Updatedsearchforgroups" name="test003" time="16.303"/>
  <system-out/>
  <testcase classname="search.Updatedsearchforgroups" name="test49" time="16.230"/>
  <system-out/>
  <testcase classname="search.Updatedsearchforgroups" name="test48" time="16.946"/>
  <system-out/>
  <testcase classname="search.Updatedsearchforgroups" name="test008" time="20.706"/>
  <system-out/>
  <testcase classname="search.Updatedsearchforgroups" name="test43" time="14.997"/>
  <system-out/>
  <testcase classname="search.Updatedsearchforgroups" name="test63" time="25.273"/>
  <system-out/>
  <testcase classname="search.Updatedsearchforgroups" name="test24" time="16.266"/>
  <system-out/>
  <testcase classname="search.Updatedsearchforgroups" name="test41" time="15.596"/>
  <system-out/>
  <testcase classname="search.Updatedsearchforgroups" name="test62" time="25.348"/>
  <system-out/>
  <testcase classname="search.Updatedsearchforgroups" name="test18" time="17.439"/>
  <system-out/>
  <testcase classname="search.Updatedsearchforgroups" name="test27" time="15.123"/>
  <system-out/>
  <testcase classname="search.Updatedsearchforgroups" name="test34" time="16.836"/>
  <system-out/>
  <testcase classname="search.Updatedsearchforgroups" name="test23" time="15.061"/>
  <system-out/>
  <testcase classname="search.Updatedsearchforgroups" name="test009" time="18.404"/>
  <system-out/>
  <testcase classname="search.Updatedsearchforgroups" name="test26" time="16.850"/>
  <system-out/>
  <testcase classname="search.Updatedsearchforgroups" name="test10" time="16.481"/>
  <system-out/>
  <testcase classname="search.Updatedsearchforgroups" name="test59" time="18.156"/>
  <system-out/>
  <testcase classname="search.Updatedsearchforgroups" name="test007" time="19.289"/>
  <system-out/>
  <testcase classname="search.Updatedsearchforgroups" name="test20" time="21.301"/>
  <system-out/>
  <testcase classname="search.Updatedsearchforgroups" name="test61" time="23.419"/>
  <system-out/>
  <testcase classname="search.Updatedsearchforgroups" name="test28" time="17.181"/>
  <system-out/>
  <testcase classname="search.Updatedsearchforgroups" name="test52" time="22.172"/>
  <system-out/>
  <testcase classname="search.Updatedsearchforgroups" name="test64" time="27.851"/>
  <system-out/>
  <testcase classname="search.Updatedsearchforgroups" name="test36" time="16.732"/>
  <system-out/>
  <testcase classname="search.Updatedsearchforgroups" name="test37" time="15.086"/>
  <system-out/>
  <testcase classname="search.Updatedsearchforgroups" name="test25" time="14.953"/>
  <system-out/>
  <testcase classname="search.Updatedsearchforgroups" name="test38" time="17.101"/>
  <system-out/>
  <testcase classname="search.Updatedsearchforgroups" name="test15" time="18.040"/>
  <system-out/>
  <testcase classname="search.Updatedsearchforgroups" name="test65" time="27.628"/>
  <system-out/>
  <testcase classname="search.Updatedsearchforgroups" name="test53" time="20.808"/>
  <system-out/>
  <testcase classname="search.Updatedsearchforgroups" name="test35" time="15.183"/>
  <system-out/>
  <testcase classname="search.Updatedsearchforgroups" name="test29" time="15.413"/>
  <system-out/>
  <testcase classname="search.Updatedsearchforgroups" name="test44" time="16.215"/>
  <system-out/>
  <testcase classname="search.Updatedsearchforgroups" name="test31" time="14.718"/>
  <system-out/>
  <testcase classname="search.Updatedsearchforgroups" name="test33" time="15.358"/>
  <system-out/>
  <testcase classname="search.Updatedsearchforgroups" name="test004" time="16.962"/>
  <system-out/>
  <testcase classname="search.Updatedsearchforgroups" name="test46" time="18.474"/>
  <system-out/>
  <testcase classname="search.Updatedsearchforgroups" name="test45" time="18.563"/>
  <system-out/>
  <testcase classname="search.Updatedsearchforgroups" name="test010" time="18.525"/>
  <system-out/>
  <testcase classname="search.Updatedsearchforgroups" name="test001" time="15.196"/>
  <system-out/>
  <testcase classname="search.Updatedsearchforgroups" name="test56" time="18.424"/>
  <system-out/>
  <testcase classname="search.Updatedsearchforgroups" name="test57" time="21.010"/>
  <system-out/>
  <testcase classname="search.Updatedsearchforgroups" name="test002" time="15.354"/>
  <system-out/>
  <testcase classname="search.Updatedsearchforgroups" name="test14" time="17.714"/>
  <system-out/>
  <testcase classname="search.Updatedsearchforgroups" name="test55" time="18.590"/>
  <system-out/>
  <testcase classname="search.Updatedsearchforgroups" name="test58" time="22.001"/>
  <system-out/>
  <testcase classname="search.Updatedsearchforgroups" name="test39" time="16.128"/>
  <system-out/>
  <testcase classname="search.Updatedsearchforgroups" name="test40" time="16.356"/>
  <system-out/>
  <testcase classname="search.Updatedsearchforgroups" name="test12" time="17.432"/>
  <system-out/>
  <testcase classname="search.Updatedsearchforgroups" name="test51" time="22.253"/>
  <system-out/>
  <testcase classname="search.Updatedsearchforgroups" name="test11" time="17.233"/>
  <system-out/>
</testsuite> <!-- search.Updatedsearchforgroups -->
