<?xml version="1.0" encoding="UTF-8"?>
<!-- Generated by org.testng.reporters.JUnitReportReporter -->
<testsuite hostname="ajay-singh-lodhi" failures="0" tests="27" name="controls.Messageinfo" time="803.979" errors="0" timestamp="2023-04-07T18:20:23 IST" skipped="0">
  <testcase classname="controls.Messageinfo" name="test02" time="27.240"/>
  <system-out/>
  <testcase classname="controls.Messageinfo" name="test18" time="30.980"/>
  <system-out/>
  <testcase classname="controls.Messageinfo" name="test07" time="26.903"/>
  <system-out/>
  <testcase classname="controls.Messageinfo" name="test01" time="26.219"/>
  <system-out/>
  <testcase classname="controls.Messageinfo" name="test20" time="28.021"/>
  <system-out/>
  <testcase classname="controls.Messageinfo" name="test11" time="32.851"/>
  <system-out/>
  <testcase classname="controls.Messageinfo" name="test04" time="26.043"/>
  <system-out/>
  <testcase classname="controls.Messageinfo" name="test19" time="29.578"/>
  <system-out/>
  <testcase classname="controls.Messageinfo" name="test12" time="28.754"/>
  <system-out/>
  <testcase classname="controls.Messageinfo" name="test15" time="27.036"/>
  <system-out/>
  <testcase classname="controls.Messageinfo" name="test13" time="26.929"/>
  <system-out/>
  <testcase classname="controls.Messageinfo" name="test17" time="28.164"/>
  <system-out/>
  <testcase classname="controls.Messageinfo" name="test14" time="28.636"/>
  <system-out/>
  <testcase classname="controls.Messageinfo" name="test16" time="26.818"/>
  <system-out/>
  <testcase classname="controls.Messageinfo" name="test22" time="28.292"/>
  <system-out/>
  <testcase classname="controls.Messageinfo" name="test08" time="34.996"/>
  <system-out/>
  <testcase classname="controls.Messageinfo" name="test23" time="34.976"/>
  <system-out/>
  <testcase classname="controls.Messageinfo" name="test09" time="31.613"/>
  <system-out/>
  <testcase classname="controls.Messageinfo" name="test21" time="31.342"/>
  <system-out/>
  <testcase classname="controls.Messageinfo" name="test10" time="34.768"/>
  <system-out/>
  <testcase classname="controls.Messageinfo" name="test26" time="35.523"/>
  <system-out/>
  <testcase classname="controls.Messageinfo" name="test06" time="30.116"/>
  <system-out/>
  <testcase classname="controls.Messageinfo" name="test25" time="33.509"/>
  <system-out/>
  <testcase classname="controls.Messageinfo" name="test24" time="34.227"/>
  <system-out/>
  <testcase classname="controls.Messageinfo" name="test03" time="26.433"/>
  <system-out/>
  <testcase classname="controls.Messageinfo" name="test00" time="26.809"/>
  <system-out/>
  <testcase classname="controls.Messageinfo" name="test05" time="27.203"/>
  <system-out/>
</testsuite> <!-- controls.Messageinfo -->
