<?xml version="1.0" encoding="UTF-8"?>
<!-- Generated by org.testng.reporters.JUnitReportReporter -->
<testsuite hostname="ajay-singh-lodhi" failures="0" tests="1" name="commongroups.CommonGroups" time="14.337" errors="0" timestamp="2023-09-20T14:28:00 IST" skipped="0">
  <testcase classname="commongroups.CommonGroups" name="testcase0044" time="14.337"/>
  <system-out/>
</testsuite> <!-- commongroups.CommonGroups -->
