<?xml version="1.0" encoding="UTF-8"?>
<!-- Generated by org.testng.reporters.JUnitReportReporter -->
<testsuite hostname="ajay-singh-lodhi" failures="0" tests="1" name="users.Roles" time="31.989" errors="0" timestamp="2022-01-07T10:58:02 IST" skipped="0">
  <testcase classname="users.Roles" name="test4" time="31.989"/>
  <system-out/>
</testsuite> <!-- users.Roles -->
