<?xml version="1.0" encoding="UTF-8"?>
<!-- Generated by org.testng.reporters.JUnitReportReporter -->
<testsuite hostname="ajay-singh-lodhi" failures="0" tests="3" name="adjustment.Layoutadjustment" time="48.296" errors="0" timestamp="2022-10-11T15:15:49 IST" skipped="0">
  <testcase classname="adjustment.Layoutadjustment" name="test1" time="14.998"/>
  <system-out/>
  <testcase classname="adjustment.Layoutadjustment" name="test" time="18.104"/>
  <system-out/>
  <testcase classname="adjustment.Layoutadjustment" name="test2" time="15.194"/>
  <system-out/>
</testsuite> <!-- adjustment.Layoutadjustment -->
