<?xml version="1.0" encoding="UTF-8"?>
<!-- Generated by org.testng.reporters.JUnitReportReporter -->
<testsuite hostname="ajay-singh-lodhi" failures="0" tests="18" name="msgwithrightclick.msg" time="275.573" errors="0" timestamp="2022-12-22T15:05:12 IST" skipped="0">
  <testcase classname="msgwithrightclick.msg" name="test03" time="17.745"/>
  <system-out/>
  <testcase classname="msgwithrightclick.msg" name="test16" time="13.728"/>
  <system-out/>
  <testcase classname="msgwithrightclick.msg" name="test05" time="13.079"/>
  <system-out/>
  <testcase classname="msgwithrightclick.msg" name="test02" time="16.932"/>
  <system-out/>
  <testcase classname="msgwithrightclick.msg" name="test00" time="19.368"/>
  <system-out/>
  <testcase classname="msgwithrightclick.msg" name="test17" time="14.139"/>
  <system-out/>
  <testcase classname="msgwithrightclick.msg" name="test14" time="14.558"/>
  <system-out/>
  <testcase classname="msgwithrightclick.msg" name="test11" time="14.550"/>
  <system-out/>
  <testcase classname="msgwithrightclick.msg" name="test01" time="15.573"/>
  <system-out/>
  <testcase classname="msgwithrightclick.msg" name="test12" time="13.571"/>
  <system-out/>
  <testcase classname="msgwithrightclick.msg" name="test07" time="15.780"/>
  <system-out/>
  <testcase classname="msgwithrightclick.msg" name="test09" time="15.761"/>
  <system-out/>
  <testcase classname="msgwithrightclick.msg" name="test04" time="15.984"/>
  <system-out/>
  <testcase classname="msgwithrightclick.msg" name="test06" time="14.694"/>
  <system-out/>
  <testcase classname="msgwithrightclick.msg" name="test08" time="14.746"/>
  <system-out/>
  <testcase classname="msgwithrightclick.msg" name="test10" time="17.259"/>
  <system-out/>
  <testcase classname="msgwithrightclick.msg" name="test13" time="14.320"/>
  <system-out/>
  <testcase classname="msgwithrightclick.msg" name="test15" time="13.786"/>
  <system-out/>
</testsuite> <!-- msgwithrightclick.msg -->
