<?xml version="1.0" encoding="UTF-8"?>
<!-- Generated by org.testng.reporters.JUnitReportReporter -->
<testsuite hostname="ajay-singh-lodhi" failures="0" tests="8" name="controls.video" time="155.550" errors="0" timestamp="2021-11-02T17:28:40 IST" skipped="0">
  <testcase classname="controls.video" name="test3" time="21.133"/>
  <system-out/>
  <testcase classname="controls.video" name="test6" time="20.429"/>
  <system-out/>
  <testcase classname="controls.video" name="test7" time="10.027"/>
  <system-out/>
  <testcase classname="controls.video" name="test2" time="20.792"/>
  <system-out/>
  <testcase classname="controls.video" name="test" time="21.396"/>
  <system-out/>
  <testcase classname="controls.video" name="test4" time="20.485"/>
  <system-out/>
  <testcase classname="controls.video" name="test5" time="20.665"/>
  <system-out/>
  <testcase classname="controls.video" name="test1" time="20.623"/>
  <system-out/>
</testsuite> <!-- controls.video -->
