<?xml version="1.0" encoding="UTF-8"?>
<!-- Generated by org.testng.reporters.JUnitReportReporter -->
<testsuite hostname="ajay-singh-lodhi" failures="0" tests="30" name="controls.AirtimeGroup" time="643.765" errors="0" timestamp="2022-10-17T14:47:37 IST" skipped="0">
  <testcase classname="controls.AirtimeGroup" name="test06" time="14.787"/>
  <system-out/>
  <testcase classname="controls.AirtimeGroup" name="test28" time="26.168"/>
  <system-out/>
  <testcase classname="controls.AirtimeGroup" name="test03" time="42.513"/>
  <system-out/>
  <testcase classname="controls.AirtimeGroup" name="test23" time="20.029"/>
  <system-out/>
  <testcase classname="controls.AirtimeGroup" name="test21" time="20.720"/>
  <system-out/>
  <testcase classname="controls.AirtimeGroup" name="test17" time="18.795"/>
  <system-out/>
  <testcase classname="controls.AirtimeGroup" name="test19" time="28.285"/>
  <system-out/>
  <testcase classname="controls.AirtimeGroup" name="test22" time="27.595"/>
  <system-out/>
  <testcase classname="controls.AirtimeGroup" name="test25" time="27.016"/>
  <system-out/>
  <testcase classname="controls.AirtimeGroup" name="test18" time="23.866"/>
  <system-out/>
  <testcase classname="controls.AirtimeGroup" name="test15" time="22.259"/>
  <system-out/>
  <testcase classname="controls.AirtimeGroup" name="test26" time="25.938"/>
  <system-out/>
  <testcase classname="controls.AirtimeGroup" name="test11" time="12.925"/>
  <system-out/>
  <testcase classname="controls.AirtimeGroup" name="test10" time="13.119"/>
  <system-out/>
  <testcase classname="controls.AirtimeGroup" name="test16" time="29.392"/>
  <system-out/>
  <testcase classname="controls.AirtimeGroup" name="test27" time="24.370"/>
  <system-out/>
  <testcase classname="controls.AirtimeGroup" name="test09" time="14.100"/>
  <system-out/>
  <testcase classname="controls.AirtimeGroup" name="test05" time="24.421"/>
  <system-out/>
  <testcase classname="controls.AirtimeGroup" name="test14" time="21.473"/>
  <system-out/>
  <testcase classname="controls.AirtimeGroup" name="test13" time="22.729"/>
  <system-out/>
  <testcase classname="controls.AirtimeGroup" name="test08" time="12.447"/>
  <system-out/>
  <testcase classname="controls.AirtimeGroup" name="test02" time="12.317"/>
  <system-out/>
  <testcase classname="controls.AirtimeGroup" name="test" time="15.144"/>
  <system-out/>
  <testcase classname="controls.AirtimeGroup" name="test12" time="12.990"/>
  <system-out/>
  <testcase classname="controls.AirtimeGroup" name="test20" time="21.606"/>
  <system-out/>
  <testcase classname="controls.AirtimeGroup" name="test01" time="12.316"/>
  <system-out/>
  <testcase classname="controls.AirtimeGroup" name="test24" time="20.903"/>
  <system-out/>
  <testcase classname="controls.AirtimeGroup" name="test29" time="20.029"/>
  <system-out/>
  <testcase classname="controls.AirtimeGroup" name="test04" time="40.946"/>
  <system-out/>
  <testcase classname="controls.AirtimeGroup" name="test07" time="14.567"/>
  <system-out/>
</testsuite> <!-- controls.AirtimeGroup -->
