<?xml version="1.0" encoding="UTF-8"?>
<!-- Generated by org.testng.reporters.JUnitReportReporter -->
<testsuite hostname="ajay-singh-lodhi" failures="0" tests="2" name="controls.mention" time="22.326" errors="0" timestamp="2021-12-15T12:24:18 IST" skipped="0">
  <testcase classname="controls.mention" name="test" time="14.400"/>
  <system-out/>
  <testcase classname="controls.mention" name="test1" time="7.926"/>
  <system-out/>
</testsuite> <!-- controls.mention -->
