<?xml version="1.0" encoding="UTF-8"?>
<!-- Generated by org.testng.reporters.JUnitReportReporter -->
<testsuite hostname="ajay-singh-lodhi" failures="0" tests="1" name="Burnouttwouser.twouser" time="29.426" errors="0" timestamp="2023-09-15T16:02:30 IST" skipped="0">
  <testcase classname="Burnouttwouser.twouser" name="test" time="29.426"/>
  <system-out/>
</testsuite> <!-- Burnouttwouser.twouser -->
