<?xml version="1.0" encoding="UTF-8"?>
<!-- Generated by org.testng.reporters.JUnitReportReporter -->
<testsuite hostname="ajay-singh-lodhi" failures="0" tests="38" name="filters.groupfilter" time="562.131" errors="0" timestamp="2022-04-25T15:57:51 IST" skipped="0">
  <testcase classname="filters.groupfilter" name="test6" time="15.784"/>
  <system-out/>
  <testcase classname="filters.groupfilter" name="testcase18" time="16.074"/>
  <system-out/>
  <testcase classname="filters.groupfilter" name="testcase13" time="11.685"/>
  <system-out/>
  <testcase classname="filters.groupfilter" name="testcase37" time="11.920"/>
  <system-out/>
  <testcase classname="filters.groupfilter" name="testcase11" time="16.118"/>
  <system-out/>
  <testcase classname="filters.groupfilter" name="testcase15" time="15.911"/>
  <system-out/>
  <testcase classname="filters.groupfilter" name="testcase34" time="15.268"/>
  <system-out/>
  <testcase classname="filters.groupfilter" name="testcase17" time="11.630"/>
  <system-out/>
  <testcase classname="filters.groupfilter" name="testcase22" time="15.608"/>
  <system-out/>
  <testcase classname="filters.groupfilter" name="testcase19" time="16.087"/>
  <system-out/>
  <testcase classname="filters.groupfilter" name="test9" time="11.463"/>
  <system-out/>
  <testcase classname="filters.groupfilter" name="testcase21" time="11.822"/>
  <system-out/>
  <testcase classname="filters.groupfilter" name="testcase36" time="15.616"/>
  <system-out/>
  <testcase classname="filters.groupfilter" name="test2" time="16.945"/>
  <system-out/>
  <testcase classname="filters.groupfilter" name="testcase33" time="11.511"/>
  <system-out/>
  <testcase classname="filters.groupfilter" name="test8" time="15.762"/>
  <system-out/>
  <testcase classname="filters.groupfilter" name="testcase14" time="16.448"/>
  <system-out/>
  <testcase classname="filters.groupfilter" name="testcase10" time="16.085"/>
  <system-out/>
  <testcase classname="filters.groupfilter" name="test5" time="11.805"/>
  <system-out/>
  <testcase classname="filters.groupfilter" name="testcase24" time="15.954"/>
  <system-out/>
  <testcase classname="filters.groupfilter" name="test" time="12.166"/>
  <system-out/>
  <testcase classname="filters.groupfilter" name="test1" time="12.252"/>
  <system-out/>
  <testcase classname="filters.groupfilter" name="testcase28" time="16.127"/>
  <system-out/>
  <testcase classname="filters.groupfilter" name="test4" time="15.624"/>
  <system-out/>
  <testcase classname="filters.groupfilter" name="testcase16" time="15.680"/>
  <system-out/>
  <testcase classname="filters.groupfilter" name="testcase25" time="12.135"/>
  <system-out/>
  <testcase classname="filters.groupfilter" name="testcase20" time="15.561"/>
  <system-out/>
  <testcase classname="filters.groupfilter" name="testcase29" time="11.878"/>
  <system-out/>
  <testcase classname="filters.groupfilter" name="testcase35" time="16.331"/>
  <system-out/>
  <testcase classname="filters.groupfilter" name="testcase23" time="17.863"/>
  <system-out/>
  <testcase classname="filters.groupfilter" name="test7" time="15.915"/>
  <system-out/>
  <testcase classname="filters.groupfilter" name="testcase12" time="15.638"/>
  <system-out/>
  <testcase classname="filters.groupfilter" name="test3" time="16.194"/>
  <system-out/>
  <testcase classname="filters.groupfilter" name="testcase26" time="15.956"/>
  <system-out/>
  <testcase classname="filters.groupfilter" name="testcase27" time="15.622"/>
  <system-out/>
  <testcase classname="filters.groupfilter" name="testcase30" time="16.076"/>
  <system-out/>
  <testcase classname="filters.groupfilter" name="testcase32" time="15.892"/>
  <system-out/>
  <testcase classname="filters.groupfilter" name="testcase31" time="15.725"/>
  <system-out/>
</testsuite> <!-- filters.groupfilter -->
