<?xml version="1.0" encoding="UTF-8"?>
<!-- Generated by org.testng.reporters.JUnitReportReporter -->
<testsuite hostname="ajay-singh-lodhi" failures="0" tests="3" name="videomsg.videomsg" time="47.938" errors="0" timestamp="2023-09-12T12:48:05 IST" skipped="0">
  <testcase classname="videomsg.videomsg" name="test02" time="15.256"/>
  <system-out/>
  <testcase classname="videomsg.videomsg" name="test" time="15.804"/>
  <system-out/>
  <testcase classname="videomsg.videomsg" name="test01" time="16.878"/>
  <system-out/>
</testsuite> <!-- videomsg.videomsg -->
