<?xml version="1.0" encoding="UTF-8"?>
<!-- Generated by org.testng.reporters.JUnitReportReporter -->
<testsuite hostname="ajay-singh-lodhi" failures="0" tests="11" name="controls.Metalink" time="339.907" errors="0" timestamp="2022-10-14T18:28:36 IST" skipped="0">
  <testcase classname="controls.Metalink" name="test01" time="25.740"/>
  <system-out/>
  <testcase classname="controls.Metalink" name="test10" time="23.867"/>
  <system-out/>
  <testcase classname="controls.Metalink" name="test02" time="34.763"/>
  <system-out/>
  <testcase classname="controls.Metalink" name="test09" time="27.940"/>
  <system-out/>
  <testcase classname="controls.Metalink" name="test03" time="32.957"/>
  <system-out/>
  <testcase classname="controls.Metalink" name="test06" time="29.902"/>
  <system-out/>
  <testcase classname="controls.Metalink" name="test07" time="28.474"/>
  <system-out/>
  <testcase classname="controls.Metalink" name="test08" time="30.714"/>
  <system-out/>
  <testcase classname="controls.Metalink" name="test" time="26.527"/>
  <system-out/>
  <testcase classname="controls.Metalink" name="test05" time="39.011"/>
  <system-out/>
  <testcase classname="controls.Metalink" name="test04" time="40.012"/>
  <system-out/>
</testsuite> <!-- controls.Metalink -->
