<?xml version="1.0" encoding="UTF-8"?>
<!-- Generated by org.testng.reporters.JUnitReportReporter -->
<testsuite hostname="ajay-singh-lodhi" failures="0" tests="10" name="users.orangemember" time="183.913" errors="0" timestamp="2022-01-06T12:29:53 IST" skipped="0">
  <testcase classname="users.orangemember" name="test4" time="21.654"/>
  <system-out/>
  <testcase classname="users.orangemember" name="test5" time="12.904"/>
  <system-out/>
  <testcase classname="users.orangemember" name="test1" time="14.420"/>
  <system-out/>
  <testcase classname="users.orangemember" name="test2" time="15.446"/>
  <system-out/>
  <testcase classname="users.orangemember" name="test" time="13.149"/>
  <system-out/>
  <testcase classname="users.orangemember" name="test8" time="27.028"/>
  <system-out/>
  <testcase classname="users.orangemember" name="test9" time="25.702"/>
  <system-out/>
  <testcase classname="users.orangemember" name="test7" time="25.919"/>
  <system-out/>
  <testcase classname="users.orangemember" name="testcase10" time="13.774"/>
  <system-out/>
  <testcase classname="users.orangemember" name="test6" time="13.917"/>
  <system-out/>
</testsuite> <!-- users.orangemember -->
