<?xml version="1.0" encoding="UTF-8"?>
<!-- Generated by org.testng.reporters.JUnitReportReporter -->
<testsuite hostname="ajay-singh-lodhi" failures="0" tests="6" name="controls.status" time="93.659" errors="0" timestamp="2021-11-03T12:14:38 IST" skipped="0">
  <testcase classname="controls.status" name="test" time="18.289"/>
  <system-out/>
  <testcase classname="controls.status" name="test5" time="14.588"/>
  <system-out/>
  <testcase classname="controls.status" name="test3" time="13.994"/>
  <system-out/>
  <testcase classname="controls.status" name="test1" time="16.347"/>
  <system-out/>
  <testcase classname="controls.status" name="test2" time="15.561"/>
  <system-out/>
  <testcase classname="controls.status" name="test4" time="14.880"/>
  <system-out/>
</testsuite> <!-- controls.status -->
