<?xml version="1.0" encoding="UTF-8"?>
<!-- Generated by org.testng.reporters.JUnitReportReporter -->
<testsuite hostname="ajay-singh-lodhi" failures="0" tests="6" name="controls.Locationtracking" time="71.261" errors="0" timestamp="2021-10-22T12:39:16 IST" skipped="0">
  <testcase classname="controls.Locationtracking" name="test3" time="12.033"/>
  <system-out/>
  <testcase classname="controls.Locationtracking" name="test4" time="10.761"/>
  <system-out/>
  <testcase classname="controls.Locationtracking" name="test2" time="12.780"/>
  <system-out/>
  <testcase classname="controls.Locationtracking" name="test5" time="10.937"/>
  <system-out/>
  <testcase classname="controls.Locationtracking" name="test" time="12.591"/>
  <system-out/>
  <testcase classname="controls.Locationtracking" name="test1" time="12.159"/>
  <system-out/>
</testsuite> <!-- controls.Locationtracking -->
