<?xml version="1.0" encoding="UTF-8"?>
<!-- Generated by org.testng.reporters.JUnitReportReporter -->
<testsuite hostname="ajay-singh-lodhi" failures="0" tests="25" name="Recentchatusersearch.customdates" time="349.985" errors="1" timestamp="2022-10-11T19:11:14 IST" skipped="0">
  <testcase classname="Recentchatusersearch.customdates" name="test04" time="13.134"/>
  <system-out/>
  <testcase classname="Recentchatusersearch.customdates" name="test14" time="13.875"/>
  <system-out/>
  <testcase classname="Recentchatusersearch.customdates" name="test16" time="14.169"/>
  <system-out/>
  <testcase classname="Recentchatusersearch.customdates" name="test13" time="13.686"/>
  <system-out/>
  <testcase classname="Recentchatusersearch.customdates" name="test22" time="14.174"/>
  <system-out/>
  <testcase classname="Recentchatusersearch.customdates" name="test20" time="13.047"/>
  <system-out/>
  <testcase classname="Recentchatusersearch.customdates" name="test02" time="14.535"/>
  <system-out/>
  <testcase classname="Recentchatusersearch.customdates" name="test03" time="14.218"/>
  <system-out/>
  <testcase classname="Recentchatusersearch.customdates" name="test19" time="14.112"/>
  <system-out/>
  <testcase classname="Recentchatusersearch.customdates" name="test09" time="13.927"/>
  <system-out/>
  <testcase classname="Recentchatusersearch.customdates" name="test11" time="13.515"/>
  <system-out/>
  <testcase classname="Recentchatusersearch.customdates" name="test08" time="13.621"/>
  <system-out/>
  <testcase classname="Recentchatusersearch.customdates" name="test17" time="13.960"/>
  <system-out/>
  <testcase classname="Recentchatusersearch.customdates" name="test12" time="14.021"/>
  <system-out/>
  <testcase classname="Recentchatusersearch.customdates" name="test21" time="13.295"/>
  <system-out/>
  <testcase classname="Recentchatusersearch.customdates" name="test15" time="12.962"/>
  <system-out/>
  <testcase classname="Recentchatusersearch.customdates" name="test00" time="16.205"/>
  <system-out/>
  <testcase classname="Recentchatusersearch.customdates" name="test23" time="14.439"/>
  <system-out/>
  <testcase classname="Recentchatusersearch.customdates" name="test24" time="14.166">
    <error message="element not interactable
  (Session info: chrome=103.0.5060.114)
Build info: version: &#039;3.141.59&#039;, revision: &#039;e82be7d358&#039;, time: &#039;2018-11-14T08:25:53&#039;
System info: host: &#039;ajay-singh-lodhi&#039;, ip: &#039;192.168.2.157&#039;, os.name: &#039;Linux&#039;, os.arch: &#039;amd64&#039;, os.version: &#039;4.15.0-193-generic&#039;, java.version: &#039;16.0.2&#039;
Driver info: org.openqa.selenium.chrome.ChromeDriver
Capabilities {acceptInsecureCerts: false, browserName: chrome, browserVersion: 103.0.5060.114, chrome: {chromedriverVersion: 103.0.5060.134 (8ec6fce403b..., userDataDir: /tmp/.com.google.Chrome.n7XZAi}, goog:chromeOptions: {debuggerAddress: localhost:39979}, javascriptEnabled: true, networkConnectionEnabled: false, pageLoadStrategy: normal, platform: LINUX, platformName: LINUX, proxy: Proxy(), setWindowRect: true, strictFileInteractability: false, timeouts: {implicit: 0, pageLoad: 300000, script: 30000}, unhandledPromptBehavior: dismiss and notify, webauthn:extension:credBlob: true, webauthn:extension:largeBlob: true, webauthn:virtualAuthenticators: true}
Session ID: 847f6810e8a0736b819b184e8361fae3" type="org.openqa.selenium.ElementNotInteractableException">
      <![CDATA[org.openqa.selenium.ElementNotInteractableException: element not interactable
  (Session info: chrome=103.0.5060.114)
Build info: version: '3.141.59', revision: 'e82be7d358', time: '2018-11-14T08:25:53'
System info: host: 'ajay-singh-lodhi', ip: '192.168.2.157', os.name: 'Linux', os.arch: 'amd64', os.version: '4.15.0-193-generic', java.version: '16.0.2'
Driver info: org.openqa.selenium.chrome.ChromeDriver
Capabilities {acceptInsecureCerts: false, browserName: chrome, browserVersion: 103.0.5060.114, chrome: {chromedriverVersion: 103.0.5060.134 (8ec6fce403b..., userDataDir: /tmp/.com.google.Chrome.n7XZAi}, goog:chromeOptions: {debuggerAddress: localhost:39979}, javascriptEnabled: true, networkConnectionEnabled: false, pageLoadStrategy: normal, platform: LINUX, platformName: LINUX, proxy: Proxy(), setWindowRect: true, strictFileInteractability: false, timeouts: {implicit: 0, pageLoad: 300000, script: 30000}, unhandledPromptBehavior: dismiss and notify, webauthn:extension:credBlob: true, webauthn:extension:largeBlob: true, webauthn:virtualAuthenticators: true}
Session ID: 847f6810e8a0736b819b184e8361fae3
at java.base/jdk.internal.reflect.NativeConstructorAccessorImpl.newInstance0(Native Method)
at java.base/jdk.internal.reflect.NativeConstructorAccessorImpl.newInstance(NativeConstructorAccessorImpl.java:78)
at java.base/jdk.internal.reflect.DelegatingConstructorAccessorImpl.newInstance(DelegatingConstructorAccessorImpl.java:45)
at java.base/java.lang.reflect.Constructor.newInstanceWithCaller(Constructor.java:499)
at java.base/java.lang.reflect.Constructor.newInstance(Constructor.java:480)
at org.openqa.selenium.remote.http.W3CHttpResponseCodec.createException(W3CHttpResponseCodec.java:187)
at org.openqa.selenium.remote.http.W3CHttpResponseCodec.decode(W3CHttpResponseCodec.java:122)
at org.openqa.selenium.remote.http.W3CHttpResponseCodec.decode(W3CHttpResponseCodec.java:49)
at org.openqa.selenium.remote.HttpCommandExecutor.execute(HttpCommandExecutor.java:158)
at org.openqa.selenium.remote.service.DriverCommandExecutor.execute(DriverCommandExecutor.java:83)
at org.openqa.selenium.remote.RemoteWebDriver.execute(RemoteWebDriver.java:552)
at org.openqa.selenium.remote.RemoteWebElement.execute(RemoteWebElement.java:285)
at org.openqa.selenium.remote.RemoteWebElement.click(RemoteWebElement.java:84)
at Recentchatusersearch.customdates.test24(customdates.java:1002)
at java.base/jdk.internal.reflect.NativeMethodAccessorImpl.invoke0(Native Method)
at java.base/jdk.internal.reflect.NativeMethodAccessorImpl.invoke(NativeMethodAccessorImpl.java:78)
at java.base/jdk.internal.reflect.DelegatingMethodAccessorImpl.invoke(DelegatingMethodAccessorImpl.java:43)
at java.base/java.lang.reflect.Method.invoke(Method.java:567)
at org.testng.internal.MethodInvocationHelper.invokeMethod(MethodInvocationHelper.java:133)
at org.testng.internal.TestInvoker.invokeMethod(TestInvoker.java:598)
at org.testng.internal.TestInvoker.invokeTestMethod(TestInvoker.java:173)
at org.testng.internal.MethodRunner.runInSequence(MethodRunner.java:46)
at org.testng.internal.TestInvoker$MethodInvocationAgent.invoke(TestInvoker.java:824)
at org.testng.internal.TestInvoker.invokeTestMethods(TestInvoker.java:146)
at org.testng.internal.TestMethodWorker.invokeTestMethods(TestMethodWorker.java:146)
at org.testng.internal.TestMethodWorker.run(TestMethodWorker.java:128)
at java.base/java.util.ArrayList.forEach(ArrayList.java:1511)
at org.testng.TestRunner.privateRun(TestRunner.java:794)
at org.testng.TestRunner.run(TestRunner.java:596)
at org.testng.SuiteRunner.runTest(SuiteRunner.java:377)
at org.testng.SuiteRunner.runSequentially(SuiteRunner.java:371)
at org.testng.SuiteRunner.privateRun(SuiteRunner.java:332)
at org.testng.SuiteRunner.run(SuiteRunner.java:276)
at org.testng.SuiteRunnerWorker.runSuite(SuiteRunnerWorker.java:53)
at org.testng.SuiteRunnerWorker.run(SuiteRunnerWorker.java:96)
at org.testng.TestNG.runSuitesSequentially(TestNG.java:1212)
at org.testng.TestNG.runSuitesLocally(TestNG.java:1134)
at org.testng.TestNG.runSuites(TestNG.java:1063)
at org.testng.TestNG.run(TestNG.java:1031)
at org.testng.remote.AbstractRemoteTestNG.run(AbstractRemoteTestNG.java:115)
at org.testng.remote.RemoteTestNG.initAndRun(RemoteTestNG.java:251)
at org.testng.remote.RemoteTestNG.main(RemoteTestNG.java:77)
]]>
    </error>
  </testcase> <!-- test24 -->
  <system-out/>
  <testcase classname="Recentchatusersearch.customdates" name="test07" time="13.988"/>
  <system-out/>
  <testcase classname="Recentchatusersearch.customdates" name="test18" time="13.900"/>
  <system-out/>
  <testcase classname="Recentchatusersearch.customdates" name="test06" time="13.909"/>
  <system-out/>
  <testcase classname="Recentchatusersearch.customdates" name="test10" time="14.147"/>
  <system-out/>
  <testcase classname="Recentchatusersearch.customdates" name="test01" time="14.842"/>
  <system-out/>
  <testcase classname="Recentchatusersearch.customdates" name="test05" time="14.138"/>
  <system-out/>
</testsuite> <!-- Recentchatusersearch.customdates -->
