<?xml version="1.0" encoding="UTF-8"?>
<!-- Generated by org.testng.reporters.JUnitReportReporter -->
<testsuite hostname="ajay-singh-lodhi" failures="0" tests="1" name="controls.Burnout" time="14.181" errors="0" timestamp="2021-10-25T12:23:20 IST" skipped="0">
  <testcase classname="controls.Burnout" name="test" time="14.181"/>
  <system-out/>
</testsuite> <!-- controls.Burnout -->
