<?xml version="1.0" encoding="UTF-8"?>
<!-- Generated by org.testng.reporters.JUnitReportReporter -->
<testsuite hostname="ajay-singh-lodhi" failures="0" tests="27" name="Recentchatusersearch.recentchatusersearch" time="365.631" errors="0" timestamp="2022-08-02T17:53:22 IST" skipped="0">
  <testcase classname="Recentchatusersearch.recentchatusersearch" name="test04" time="12.907"/>
  <system-out/>
  <testcase classname="Recentchatusersearch.recentchatusersearch" name="test15" time="13.171"/>
  <system-out/>
  <testcase classname="Recentchatusersearch.recentchatusersearch" name="test03" time="13.842"/>
  <system-out/>
  <testcase classname="Recentchatusersearch.recentchatusersearch" name="test05" time="13.826"/>
  <system-out/>
  <testcase classname="Recentchatusersearch.recentchatusersearch" name="test26" time="15.062"/>
  <system-out/>
  <testcase classname="Recentchatusersearch.recentchatusersearch" name="test11" time="13.494"/>
  <system-out/>
  <testcase classname="Recentchatusersearch.recentchatusersearch" name="test24" time="13.041"/>
  <system-out/>
  <testcase classname="Recentchatusersearch.recentchatusersearch" name="test07" time="13.183"/>
  <system-out/>
  <testcase classname="Recentchatusersearch.recentchatusersearch" name="test13" time="13.209"/>
  <system-out/>
  <testcase classname="Recentchatusersearch.recentchatusersearch" name="test25" time="13.149"/>
  <system-out/>
  <testcase classname="Recentchatusersearch.recentchatusersearch" name="test12" time="12.829"/>
  <system-out/>
  <testcase classname="Recentchatusersearch.recentchatusersearch" name="test02" time="11.438"/>
  <system-out/>
  <testcase classname="Recentchatusersearch.recentchatusersearch" name="test14" time="15.614"/>
  <system-out/>
  <testcase classname="Recentchatusersearch.recentchatusersearch" name="test16" time="14.403"/>
  <system-out/>
  <testcase classname="Recentchatusersearch.recentchatusersearch" name="test19" time="13.511"/>
  <system-out/>
  <testcase classname="Recentchatusersearch.recentchatusersearch" name="test22" time="16.487"/>
  <system-out/>
  <testcase classname="Recentchatusersearch.recentchatusersearch" name="test08" time="13.246"/>
  <system-out/>
  <testcase classname="Recentchatusersearch.recentchatusersearch" name="test17" time="14.311"/>
  <system-out/>
  <testcase classname="Recentchatusersearch.recentchatusersearch" name="test21" time="14.134"/>
  <system-out/>
  <testcase classname="Recentchatusersearch.recentchatusersearch" name="test23" time="13.445"/>
  <system-out/>
  <testcase classname="Recentchatusersearch.recentchatusersearch" name="test06" time="15.043"/>
  <system-out/>
  <testcase classname="Recentchatusersearch.recentchatusersearch" name="test01" time="8.194"/>
  <system-out/>
  <testcase classname="Recentchatusersearch.recentchatusersearch" name="test10" time="15.539"/>
  <system-out/>
  <testcase classname="Recentchatusersearch.recentchatusersearch" name="test18" time="15.774"/>
  <system-out/>
  <testcase classname="Recentchatusersearch.recentchatusersearch" name="test20" time="14.157"/>
  <system-out/>
  <testcase classname="Recentchatusersearch.recentchatusersearch" name="test00" time="9.506"/>
  <system-out/>
  <testcase classname="Recentchatusersearch.recentchatusersearch" name="test09" time="13.116"/>
  <system-out/>
</testsuite> <!-- Recentchatusersearch.recentchatusersearch -->
