<?xml version="1.0" encoding="UTF-8"?>
<!-- Generated by org.testng.reporters.JUnitReportReporter -->
<testsuite hostname="ajay-singh-lodhi" failures="0" tests="9" name="controls.image" time="323.104" errors="0" timestamp="2022-10-13T18:20:23 IST" skipped="0">
  <testcase classname="controls.image" name="test2" time="34.856"/>
  <system-out/>
  <testcase classname="controls.image" name="test4" time="41.106"/>
  <system-out/>
  <testcase classname="controls.image" name="test8" time="40.878"/>
  <system-out/>
  <testcase classname="controls.image" name="test3" time="32.726"/>
  <system-out/>
  <testcase classname="controls.image" name="test7" time="33.630"/>
  <system-out/>
  <testcase classname="controls.image" name="test" time="32.818"/>
  <system-out/>
  <testcase classname="controls.image" name="test5" time="42.962"/>
  <system-out/>
  <testcase classname="controls.image" name="test1" time="29.496"/>
  <system-out/>
  <testcase classname="controls.image" name="test6" time="34.632"/>
  <system-out/>
</testsuite> <!-- controls.image -->
