<?xml version="1.0" encoding="UTF-8"?>
<!-- Generated by org.testng.reporters.JUnitReportReporter -->
<testsuite hostname="ajay-singh-lodhi" failures="0" tests="2" name="controls.customcontrols" time="42.998" errors="0" timestamp="2021-10-22T12:37:28 IST" skipped="0">
  <testcase classname="controls.customcontrols" name="test1" time="20.519"/>
  <system-out/>
  <testcase classname="controls.customcontrols" name="test" time="22.479"/>
  <system-out/>
</testsuite> <!-- controls.customcontrols -->
