<?xml version="1.0" encoding="UTF-8"?>
<!-- Generated by org.testng.reporters.JUnitReportReporter -->
<testsuite hostname="ajay-singh-lodhi" failures="0" tests="2" name="controls.MiscellaneousOther" time="32.262" errors="0" timestamp="2023-05-19T18:51:14 IST" skipped="0">
  <testcase classname="controls.MiscellaneousOther" name="test00" time="16.622"/>
  <system-out/>
  <testcase classname="controls.MiscellaneousOther" name="test01" time="15.640"/>
  <system-out/>
</testsuite> <!-- controls.MiscellaneousOther -->
