<?xml version="1.0" encoding="UTF-8"?>
<!-- Generated by org.testng.reporters.JUnitReportReporter -->
<testsuite hostname="ajay-singh-lodhi" failures="0" tests="11" name="controls.audio" time="400.389" errors="0" timestamp="2022-10-14T15:40:16 IST" skipped="0">
  <testcase classname="controls.audio" name="test03" time="36.607"/>
  <system-out/>
  <testcase classname="controls.audio" name="test" time="33.940"/>
  <system-out/>
  <testcase classname="controls.audio" name="test01" time="31.048"/>
  <system-out/>
  <testcase classname="controls.audio" name="test07" time="32.554"/>
  <system-out/>
  <testcase classname="controls.audio" name="test09" time="30.948"/>
  <system-out/>
  <testcase classname="controls.audio" name="test06" time="33.713"/>
  <system-out/>
  <testcase classname="controls.audio" name="test10" time="43.422"/>
  <system-out/>
  <testcase classname="controls.audio" name="test04" time="42.694"/>
  <system-out/>
  <testcase classname="controls.audio" name="test02" time="38.657"/>
  <system-out/>
  <testcase classname="controls.audio" name="test08" time="34.685"/>
  <system-out/>
  <testcase classname="controls.audio" name="test05" time="42.121"/>
  <system-out/>
</testsuite> <!-- controls.audio -->
