<?xml version="1.0" encoding="UTF-8"?>
<!-- Generated by org.testng.reporters.JUnitReportReporter -->
<testsuite hostname="ajay-singh-lodhi" failures="0" tests="12" name="search.search" time="121.538" errors="0" timestamp="2021-10-22T17:14:06 IST" skipped="0">
  <testcase classname="search.search" name="testcase11" time="11.793"/>
  <system-out/>
  <testcase classname="search.search" name="test5" time="10.386"/>
  <system-out/>
  <testcase classname="search.search" name="test" time="11.462"/>
  <system-out/>
  <testcase classname="search.search" name="test2" time="9.391"/>
  <system-out/>
  <testcase classname="search.search" name="test9" time="9.642"/>
  <system-out/>
  <testcase classname="search.search" name="test1" time="9.172"/>
  <system-out/>
  <testcase classname="search.search" name="test3" time="9.759"/>
  <system-out/>
  <testcase classname="search.search" name="testcase10" time="10.395"/>
  <system-out/>
  <testcase classname="search.search" name="test8" time="10.079"/>
  <system-out/>
  <testcase classname="search.search" name="test6" time="9.755"/>
  <system-out/>
  <testcase classname="search.search" name="test7" time="9.819"/>
  <system-out/>
  <testcase classname="search.search" name="test4" time="9.885"/>
  <system-out/>
</testsuite> <!-- search.search -->
