<?xml version="1.0" encoding="UTF-8"?>
<!-- Generated by org.testng.reporters.JUnitReportReporter -->
<testsuite hostname="ajay-singh-lodhi" failures="0" tests="9" name="controls.Notify" time="208.828" errors="0" timestamp="2023-04-07T15:49:29 IST" skipped="0">
  <testcase classname="controls.Notify" name="test08" time="15.594"/>
  <system-out/>
  <testcase classname="controls.Notify" name="test07" time="15.220"/>
  <system-out/>
  <testcase classname="controls.Notify" name="test01" time="22.777"/>
  <system-out/>
  <testcase classname="controls.Notify" name="test02" time="40.395"/>
  <system-out/>
  <testcase classname="controls.Notify" name="test06" time="41.357"/>
  <system-out/>
  <testcase classname="controls.Notify" name="test05" time="15.167"/>
  <system-out/>
  <testcase classname="controls.Notify" name="test04" time="14.790"/>
  <system-out/>
  <testcase classname="controls.Notify" name="test00" time="23.413"/>
  <system-out/>
  <testcase classname="controls.Notify" name="test03" time="20.115"/>
  <system-out/>
</testsuite> <!-- controls.Notify -->
