<?xml version="1.0" encoding="UTF-8"?>
<!-- Generated by org.testng.reporters.JUnitReportReporter -->
<testsuite hostname="ajay-singh-lodhi" failures="0" tests="8" name="loginpage.login" time="33.675" errors="0" timestamp="2022-04-22T12:36:20 IST" skipped="0">
  <testcase classname="loginpage.login" name="test4" time="4.299"/>
  <system-out/>
  <testcase classname="loginpage.login" name="test6" time="3.321"/>
  <system-out/>
  <testcase classname="loginpage.login" name="test" time="5.081"/>
  <system-out/>
  <testcase classname="loginpage.login" name="test7" time="3.579"/>
  <system-out/>
  <testcase classname="loginpage.login" name="test3" time="4.370"/>
  <system-out/>
  <testcase classname="loginpage.login" name="test1" time="4.270"/>
  <system-out/>
  <testcase classname="loginpage.login" name="test2" time="4.424"/>
  <system-out/>
  <testcase classname="loginpage.login" name="test5" time="4.331"/>
  <system-out/>
</testsuite> <!-- loginpage.login -->
