<?xml version="1.0" encoding="UTF-8"?>
<!-- Generated by org.testng.reporters.JUnitReportReporter -->
<testsuite hostname="ajay-singh-lodhi" failures="0" tests="3" name="Enhancement.Videolinks" time="51.845" errors="0" timestamp="2023-01-06T14:08:14 IST" skipped="0">
  <testcase classname="Enhancement.Videolinks" name="test00" time="25.313"/>
  <system-out/>
  <testcase classname="Enhancement.Videolinks" name="test02" time="12.860"/>
  <system-out/>
  <testcase classname="Enhancement.Videolinks" name="test01" time="13.672"/>
  <system-out/>
</testsuite> <!-- Enhancement.Videolinks -->
