<?xml version="1.0" encoding="UTF-8"?>
<!-- Generated by org.testng.reporters.JUnitReportReporter -->
<testsuite hostname="ajay-singh-lodhi" failures="0" tests="9" name="controls.File" time="325.506" errors="0" timestamp="2022-10-14T12:33:29 IST" skipped="0">
  <testcase classname="controls.File" name="test8" time="41.176"/>
  <system-out/>
  <testcase classname="controls.File" name="test" time="38.560"/>
  <system-out/>
  <testcase classname="controls.File" name="test1" time="31.261"/>
  <system-out/>
  <testcase classname="controls.File" name="test4" time="40.940"/>
  <system-out/>
  <testcase classname="controls.File" name="test3" time="33.721"/>
  <system-out/>
  <testcase classname="controls.File" name="test6" time="32.597"/>
  <system-out/>
  <testcase classname="controls.File" name="test7" time="31.484"/>
  <system-out/>
  <testcase classname="controls.File" name="test5" time="39.810"/>
  <system-out/>
  <testcase classname="controls.File" name="test2" time="35.957"/>
  <system-out/>
</testsuite> <!-- controls.File -->
