<?xml version="1.0" encoding="UTF-8"?>
<!-- Generated by org.testng.reporters.JUnitReportReporter -->
<testsuite hostname="ajay-singh-lodhi" failures="0" tests="1" name="Troopmessenger.ValidAndInvalidData" time="7.090" errors="0" timestamp="2021-09-30T12:43:31 IST" skipped="0">
  <testcase classname="Troopmessenger.ValidAndInvalidData" name="tvisha_abc_abdsaqwert_abc" time="7.090"/>
  <system-out/>
</testsuite> <!-- Troopmessenger.ValidAndInvalidData -->
