<?xml version="1.0" encoding="UTF-8"?>
<!-- Generated by org.testng.reporters.JUnitReportReporter -->
<testsuite hostname="ajay-singh-lodhi" failures="0" tests="30" name="controls.Group" time="609.116" errors="0" timestamp="2022-10-15T15:40:43 IST" skipped="0">
  <testcase classname="controls.Group" name="test12" time="12.425"/>
  <system-out/>
  <testcase classname="controls.Group" name="test06" time="14.717"/>
  <system-out/>
  <testcase classname="controls.Group" name="test13" time="21.493"/>
  <system-out/>
  <testcase classname="controls.Group" name="test14" time="21.165"/>
  <system-out/>
  <testcase classname="controls.Group" name="test10" time="12.812"/>
  <system-out/>
  <testcase classname="controls.Group" name="test19" time="27.963"/>
  <system-out/>
  <testcase classname="controls.Group" name="test03" time="22.572"/>
  <system-out/>
  <testcase classname="controls.Group" name="test20" time="19.492"/>
  <system-out/>
  <testcase classname="controls.Group" name="test26" time="25.190"/>
  <system-out/>
  <testcase classname="controls.Group" name="test07" time="14.416"/>
  <system-out/>
  <testcase classname="controls.Group" name="test24" time="20.490"/>
  <system-out/>
  <testcase classname="controls.Group" name="test15" time="23.096"/>
  <system-out/>
  <testcase classname="controls.Group" name="test28" time="24.927"/>
  <system-out/>
  <testcase classname="controls.Group" name="test09" time="14.413"/>
  <system-out/>
  <testcase classname="controls.Group" name="test04" time="31.606"/>
  <system-out/>
  <testcase classname="controls.Group" name="test29" time="20.035"/>
  <system-out/>
  <testcase classname="controls.Group" name="test08" time="12.525"/>
  <system-out/>
  <testcase classname="controls.Group" name="test05" time="25.345"/>
  <system-out/>
  <testcase classname="controls.Group" name="test23" time="20.222"/>
  <system-out/>
  <testcase classname="controls.Group" name="test16" time="28.319"/>
  <system-out/>
  <testcase classname="controls.Group" name="test25" time="25.776"/>
  <system-out/>
  <testcase classname="controls.Group" name="test11" time="12.986"/>
  <system-out/>
  <testcase classname="controls.Group" name="test22" time="26.648"/>
  <system-out/>
  <testcase classname="controls.Group" name="test02" time="12.921"/>
  <system-out/>
  <testcase classname="controls.Group" name="test18" time="24.471"/>
  <system-out/>
  <testcase classname="controls.Group" name="test" time="15.074"/>
  <system-out/>
  <testcase classname="controls.Group" name="test17" time="19.896"/>
  <system-out/>
  <testcase classname="controls.Group" name="test01" time="13.134"/>
  <system-out/>
  <testcase classname="controls.Group" name="test21" time="20.271"/>
  <system-out/>
  <testcase classname="controls.Group" name="test27" time="24.716"/>
  <system-out/>
</testsuite> <!-- controls.Group -->
