<?xml version="1.0" encoding="UTF-8"?>
<!-- Generated by org.testng.reporters.JUnitReportReporter -->
<testsuite hostname="ajay-singh-lodhi" failures="0" tests="2" name="Enhancement2.Audiopopout" time="40.841" errors="0" timestamp="2023-01-06T14:44:24 IST" skipped="0">
  <testcase classname="Enhancement2.Audiopopout" name="test00" time="24.614"/>
  <system-out/>
  <testcase classname="Enhancement2.Audiopopout" name="test01" time="16.227"/>
  <system-out/>
</testsuite> <!-- Enhancement2.Audiopopout -->
