<?xml version="1.0" encoding="UTF-8"?>
<!-- Generated by org.testng.reporters.JUnitReportReporter -->
<testsuite hostname="ajay-singh-lodhi" failures="0" tests="6" name="Forward.forward" time="71.414" errors="0" timestamp="2021-10-22T12:46:03 IST" skipped="0">
  <testcase classname="Forward.forward" name="test3" time="12.819"/>
  <system-out/>
  <testcase classname="Forward.forward" name="test4" time="11.891"/>
  <system-out/>
  <testcase classname="Forward.forward" name="test2" time="12.001"/>
  <system-out/>
  <testcase classname="Forward.forward" name="test" time="11.768"/>
  <system-out/>
  <testcase classname="Forward.forward" name="test5" time="11.599"/>
  <system-out/>
  <testcase classname="Forward.forward" name="test1" time="11.336"/>
  <system-out/>
</testsuite> <!-- Forward.forward -->
