<?xml version="1.0" encoding="UTF-8"?>
<!-- Generated by org.testng.reporters.JUnitReportReporter -->
<testsuite hostname="ajay-singh-lodhi" failures="0" tests="12" name="controls.TextMessage" time="395.267" errors="0" timestamp="2023-05-18T18:34:04 IST" skipped="0">
  <testcase classname="controls.TextMessage" name="test06" time="37.309"/>
  <system-out/>
  <testcase classname="controls.TextMessage" name="test05" time="36.335"/>
  <system-out/>
  <testcase classname="controls.TextMessage" name="test08" time="32.059"/>
  <system-out/>
  <testcase classname="controls.TextMessage" name="test10" time="38.470"/>
  <system-out/>
  <testcase classname="controls.TextMessage" name="test02" time="30.130"/>
  <system-out/>
  <testcase classname="controls.TextMessage" name="test07" time="36.903"/>
  <system-out/>
  <testcase classname="controls.TextMessage" name="test09" time="35.857"/>
  <system-out/>
  <testcase classname="controls.TextMessage" name="test11" time="34.247"/>
  <system-out/>
  <testcase classname="controls.TextMessage" name="test00" time="24.461"/>
  <system-out/>
  <testcase classname="controls.TextMessage" name="test01" time="29.418"/>
  <system-out/>
  <testcase classname="controls.TextMessage" name="test03" time="29.305"/>
  <system-out/>
  <testcase classname="controls.TextMessage" name="test04" time="30.773"/>
  <system-out/>
</testsuite> <!-- controls.TextMessage -->
