<?xml version="1.0" encoding="UTF-8"?>
<!-- Generated by org.testng.reporters.JUnitReportReporter -->
<testsuite hostname="ajay-singh-lodhi" failures="0" tests="1" name="ExtentReport.sampletest" time="12.607" errors="0" timestamp="2021-10-07T19:03:41 IST" skipped="0">
  <testcase classname="ExtentReport.sampletest" name="test" time="12.607"/>
  <system-out/>
</testsuite> <!-- ExtentReport.sampletest -->
