<?xml version="1.0" encoding="UTF-8"?>
<!-- Generated by org.testng.reporters.JUnitReportReporter -->
<testsuite hostname="ajay-singh-lodhi" failures="0" tests="1" name="pin.Pin" time="15.290" errors="0" timestamp="2023-09-13T11:10:31 IST" skipped="0">
  <testcase classname="pin.Pin" name="testcase24" time="15.290"/>
  <system-out/>
</testsuite> <!-- pin.Pin -->
