<?xml version="1.0" encoding="UTF-8"?>
<!-- Generated by org.testng.reporters.JUnitReportReporter -->
<testsuite hostname="ajay-singh-lodhi" failures="0" tests="14" name="readreceipt.receipt" time="315.584" errors="0" timestamp="2022-07-28T15:04:51 IST" skipped="0">
  <testcase classname="readreceipt.receipt" name="test08" time="27.989"/>
  <system-out/>
  <testcase classname="readreceipt.receipt" name="test09" time="28.693"/>
  <system-out/>
  <testcase classname="readreceipt.receipt" name="test13" time="13.612"/>
  <system-out/>
  <testcase classname="readreceipt.receipt" name="test04" time="27.370"/>
  <system-out/>
  <testcase classname="readreceipt.receipt" name="test12" time="12.773"/>
  <system-out/>
  <testcase classname="readreceipt.receipt" name="test06" time="15.887"/>
  <system-out/>
  <testcase classname="readreceipt.receipt" name="test03" time="27.640"/>
  <system-out/>
  <testcase classname="readreceipt.receipt" name="test07" time="29.641"/>
  <system-out/>
  <testcase classname="readreceipt.receipt" name="test11" time="18.130"/>
  <system-out/>
  <testcase classname="readreceipt.receipt" name="test10" time="30.397"/>
  <system-out/>
  <testcase classname="readreceipt.receipt" name="test02" time="26.042"/>
  <system-out/>
  <testcase classname="readreceipt.receipt" name="test01" time="26.350"/>
  <system-out/>
  <testcase classname="readreceipt.receipt" name="test05" time="17.487"/>
  <system-out/>
  <testcase classname="readreceipt.receipt" name="test00" time="13.573"/>
  <system-out/>
</testsuite> <!-- readreceipt.receipt -->
