<?xml version="1.0" encoding="UTF-8"?>
<!-- Generated by org.testng.reporters.JUnitReportReporter -->
<testsuite hostname="ajay-singh-lodhi" failures="0" tests="1" name="Emoji.Emoji" time="19.678" errors="0" timestamp="2023-09-14T11:36:38 IST" skipped="0">
  <testcase classname="Emoji.Emoji" name="tests013" time="19.678"/>
  <system-out/>
</testsuite> <!-- Emoji.Emoji -->
