<?xml version="1.0" encoding="UTF-8"?>
<!-- Generated by org.testng.reporters.JUnitReportReporter -->
<testsuite hostname="ajay-singh-lodhi" failures="0" tests="3" name="mentions.Mention" time="46.071" errors="0" timestamp="2022-10-11T17:56:15 IST" skipped="0">
  <testcase classname="mentions.Mention" name="Test2" time="13.333"/>
  <system-out/>
  <testcase classname="mentions.Mention" name="Test" time="16.468"/>
  <system-out/>
  <testcase classname="mentions.Mention" name="Test1" time="16.270"/>
  <system-out/>
</testsuite> <!-- mentions.Mention -->
