<?xml version="1.0" encoding="UTF-8"?>
<!-- Generated by org.testng.reporters.JUnitReportReporter -->
<testsuite hostname="ajay-singh-lodhi" failures="0" tests="1" name="Troopmessenger.UpperCaseLetter" time="6.941" errors="0" timestamp="2021-09-30T12:43:31 IST" skipped="0">
  <testcase classname="Troopmessenger.UpperCaseLetter" name="TVISHA_SHARATH" time="6.941"/>
  <system-out/>
</testsuite> <!-- Troopmessenger.UpperCaseLetter -->
