<?xml version="1.0" encoding="UTF-8"?>
<!-- Generated by org.testng.reporters.JUnitReportReporter -->
<testsuite hostname="ajay-singh-lodhi" failures="0" tests="1" name="ExtentReport.report" time="2.881" errors="0" timestamp="2021-10-04T12:52:16 IST" skipped="0">
  <testcase classname="ExtentReport.report" name="test" time="2.881"/>
  <system-out/>
</testsuite> <!-- ExtentReport.report -->
