<?xml version="1.0" encoding="UTF-8"?>
<!-- Generated by org.testng.reporters.JUnitReportReporter -->
<testsuite hostname="ajay-singh-lodhi" failures="0" tests="1" name="ExtentReport.NewTest" time="9.482" errors="0" timestamp="2021-10-18T11:03:35 IST" skipped="0">
  <testcase classname="ExtentReport.NewTest" name="test" time="9.482"/>
  <system-out/>
</testsuite> <!-- ExtentReport.NewTest -->
