<?xml version="1.0" encoding="UTF-8"?>
<!-- Generated by org.testng.reporters.JUnitReportReporter -->
<testsuite hostname="ajay-singh-lodhi" failures="0" tests="19" name="PersonalSettings.Tiles" time="271.858" errors="0" timestamp="2023-04-14T14:18:51 IST" skipped="0">
  <testcase classname="PersonalSettings.Tiles" name="test12" time="13.506"/>
  <system-out/>
  <testcase classname="PersonalSettings.Tiles" name="test07" time="13.626"/>
  <system-out/>
  <testcase classname="PersonalSettings.Tiles" name="test18" time="15.486"/>
  <system-out/>
  <testcase classname="PersonalSettings.Tiles" name="test00" time="12.289"/>
  <system-out/>
  <testcase classname="PersonalSettings.Tiles" name="test17" time="16.504"/>
  <system-out/>
  <testcase classname="PersonalSettings.Tiles" name="test11" time="14.204"/>
  <system-out/>
  <testcase classname="PersonalSettings.Tiles" name="test10" time="13.950"/>
  <system-out/>
  <testcase classname="PersonalSettings.Tiles" name="test13" time="14.031"/>
  <system-out/>
  <testcase classname="PersonalSettings.Tiles" name="test06" time="13.963"/>
  <system-out/>
  <testcase classname="PersonalSettings.Tiles" name="test01" time="13.044"/>
  <system-out/>
  <testcase classname="PersonalSettings.Tiles" name="test05" time="13.913"/>
  <system-out/>
  <testcase classname="PersonalSettings.Tiles" name="test15" time="15.774"/>
  <system-out/>
  <testcase classname="PersonalSettings.Tiles" name="test14" time="14.296"/>
  <system-out/>
  <testcase classname="PersonalSettings.Tiles" name="test16" time="17.081"/>
  <system-out/>
  <testcase classname="PersonalSettings.Tiles" name="test02" time="14.231"/>
  <system-out/>
  <testcase classname="PersonalSettings.Tiles" name="test03" time="14.043"/>
  <system-out/>
  <testcase classname="PersonalSettings.Tiles" name="test09" time="13.786"/>
  <system-out/>
  <testcase classname="PersonalSettings.Tiles" name="test04" time="14.133"/>
  <system-out/>
  <testcase classname="PersonalSettings.Tiles" name="test08" time="13.998"/>
  <system-out/>
</testsuite> <!-- PersonalSettings.Tiles -->
