<?xml version="1.0" encoding="UTF-8"?>
<!-- Generated by org.testng.reporters.JUnitReportReporter -->
<testsuite hostname="ajay-singh-lodhi" failures="0" tests="6" name="GroupView.nonadmingroupprofilesettings" time="110.478" errors="0" timestamp="2022-08-04T16:37:55 IST" skipped="0">
  <testcase classname="GroupView.nonadmingroupprofilesettings" name="test01" time="18.925"/>
  <system-out/>
  <testcase classname="GroupView.nonadmingroupprofilesettings" name="test06" time="17.887"/>
  <system-out/>
  <testcase classname="GroupView.nonadmingroupprofilesettings" name="test03" time="18.394"/>
  <system-out/>
  <testcase classname="GroupView.nonadmingroupprofilesettings" name="test04" time="17.642"/>
  <system-out/>
  <testcase classname="GroupView.nonadmingroupprofilesettings" name="test05" time="18.395"/>
  <system-out/>
  <testcase classname="GroupView.nonadmingroupprofilesettings" name="test02" time="19.235"/>
  <system-out/>
</testsuite> <!-- GroupView.nonadmingroupprofilesettings -->
