<?xml version="1.0" encoding="UTF-8"?>
<!-- Generated by org.testng.reporters.JUnitReportReporter -->
<testsuite hostname="ajay-singh-lodhi" failures="0" tests="5" name="DashboardGroups.groups" time="91.994" errors="0" timestamp="2021-12-15T16:19:44 IST" skipped="0">
  <testcase classname="DashboardGroups.groups" name="test2" time="19.727"/>
  <system-out/>
  <testcase classname="DashboardGroups.groups" name="test3" time="20.105"/>
  <system-out/>
  <testcase classname="DashboardGroups.groups" name="test" time="13.769"/>
  <system-out/>
  <testcase classname="DashboardGroups.groups" name="test4" time="17.197"/>
  <system-out/>
  <testcase classname="DashboardGroups.groups" name="test1" time="21.196"/>
  <system-out/>
</testsuite> <!-- DashboardGroups.groups -->
