<?xml version="1.0" encoding="UTF-8"?>
<!-- Generated by org.testng.reporters.JUnitReportReporter -->
<testsuite hostname="ajay-singh-lodhi" failures="0" tests="14" name="controls.Mentions" time="368.072" errors="0" timestamp="2023-11-22T19:27:11 IST" skipped="0">
  <testcase classname="controls.Mentions" name="test01" time="25.424"/>
  <system-out/>
  <testcase classname="controls.Mentions" name="test06" time="27.135"/>
  <system-out/>
  <testcase classname="controls.Mentions" name="testcase12" time="26.965"/>
  <system-out/>
  <testcase classname="controls.Mentions" name="test00" time="30.101"/>
  <system-out/>
  <testcase classname="controls.Mentions" name="test04" time="25.733"/>
  <system-out/>
  <testcase classname="controls.Mentions" name="test03" time="25.597"/>
  <system-out/>
  <testcase classname="controls.Mentions" name="test07" time="25.918"/>
  <system-out/>
  <testcase classname="controls.Mentions" name="testcase11" time="25.486"/>
  <system-out/>
  <testcase classname="controls.Mentions" name="test05" time="26.520"/>
  <system-out/>
  <testcase classname="controls.Mentions" name="testcase13" time="26.053"/>
  <system-out/>
  <testcase classname="controls.Mentions" name="testcase10" time="25.980"/>
  <system-out/>
  <testcase classname="controls.Mentions" name="test02" time="25.837"/>
  <system-out/>
  <testcase classname="controls.Mentions" name="test08" time="25.743"/>
  <system-out/>
  <testcase classname="controls.Mentions" name="test09" time="25.580"/>
  <system-out/>
</testsuite> <!-- controls.Mentions -->
