<?xml version="1.0" encoding="UTF-8"?>
<!-- Generated by org.testng.reporters.JUnitReportReporter -->
<testsuite hostname="ajay-singh-lodhi" failures="0" tests="7" name="GroupView.Groupview" time="107.777" errors="0" timestamp="2022-08-02T19:15:59 IST" skipped="0">
  <testcase classname="GroupView.Groupview" name="test01" time="13.977"/>
  <system-out/>
  <testcase classname="GroupView.Groupview" name="test06" time="16.812"/>
  <system-out/>
  <testcase classname="GroupView.Groupview" name="test03" time="15.895"/>
  <system-out/>
  <testcase classname="GroupView.Groupview" name="test02" time="15.284"/>
  <system-out/>
  <testcase classname="GroupView.Groupview" name="test00" time="11.846"/>
  <system-out/>
  <testcase classname="GroupView.Groupview" name="test05" time="17.059"/>
  <system-out/>
  <testcase classname="GroupView.Groupview" name="test04" time="16.904"/>
  <system-out/>
</testsuite> <!-- GroupView.Groupview -->
