<?xml version="1.0" encoding="UTF-8"?>
<!-- Generated by org.testng.reporters.JUnitReportReporter -->
<testsuite hostname="ajay-singh-lodhi" failures="0" tests="12" name="controls.Miscellaneous" time="190.144" errors="0" timestamp="2023-05-19T14:06:00 IST" skipped="0">
  <testcase classname="controls.Miscellaneous" name="test08" time="9.002"/>
  <system-out/>
  <testcase classname="controls.Miscellaneous" name="test04" time="13.994"/>
  <system-out/>
  <testcase classname="controls.Miscellaneous" name="test11" time="13.180"/>
  <system-out/>
  <testcase classname="controls.Miscellaneous" name="test05" time="13.585"/>
  <system-out/>
  <testcase classname="controls.Miscellaneous" name="test01" time="9.343"/>
  <system-out/>
  <testcase classname="controls.Miscellaneous" name="test03" time="25.189"/>
  <system-out/>
  <testcase classname="controls.Miscellaneous" name="test07" time="9.132"/>
  <system-out/>
  <testcase classname="controls.Miscellaneous" name="test06" time="23.525"/>
  <system-out/>
  <testcase classname="controls.Miscellaneous" name="test02" time="9.283"/>
  <system-out/>
  <testcase classname="controls.Miscellaneous" name="test10" time="13.702"/>
  <system-out/>
  <testcase classname="controls.Miscellaneous" name="test09" time="24.445"/>
  <system-out/>
  <testcase classname="controls.Miscellaneous" name="test00" time="25.764"/>
  <system-out/>
</testsuite> <!-- controls.Miscellaneous -->
