<?xml version="1.0" encoding="UTF-8"?>
<!-- Generated by org.testng.reporters.JUnitReportReporter -->
<testsuite hostname="ajay-singh-lodhi" failures="0" tests="9" name="controls.MiscellaneousMobile" time="153.915" errors="0" timestamp="2023-05-19T18:25:21 IST" skipped="0">
  <testcase classname="controls.MiscellaneousMobile" name="test05" time="15.263"/>
  <system-out/>
  <testcase classname="controls.MiscellaneousMobile" name="test08" time="22.571"/>
  <system-out/>
  <testcase classname="controls.MiscellaneousMobile" name="test00" time="17.137"/>
  <system-out/>
  <testcase classname="controls.MiscellaneousMobile" name="test03" time="16.291"/>
  <system-out/>
  <testcase classname="controls.MiscellaneousMobile" name="test04" time="15.512"/>
  <system-out/>
  <testcase classname="controls.MiscellaneousMobile" name="test02" time="15.956"/>
  <system-out/>
  <testcase classname="controls.MiscellaneousMobile" name="test07" time="20.051"/>
  <system-out/>
  <testcase classname="controls.MiscellaneousMobile" name="test06" time="14.805"/>
  <system-out/>
  <testcase classname="controls.MiscellaneousMobile" name="test01" time="16.329"/>
  <system-out/>
</testsuite> <!-- controls.MiscellaneousMobile -->
