<?xml version="1.0" encoding="UTF-8"?>
<!-- Generated by org.testng.reporters.JUnitReportReporter -->
<testsuite hostname="ajay-singh-lodhi" failures="0" tests="1" name="Troopmessenger.InvalidMobilenumber" time="8.392" errors="0" timestamp="2021-09-30T12:43:31 IST" skipped="0">
  <testcase classname="Troopmessenger.InvalidMobilenumber" name="abcdeasddf" time="8.392"/>
  <system-out/>
</testsuite> <!-- Troopmessenger.InvalidMobilenumber -->
