<?xml version="1.0" encoding="UTF-8"?>
<!-- Generated by org.testng.reporters.JUnitReportReporter -->
<testsuite hostname="ajay-singh-lodhi" failures="0" tests="1" name="Unreadmsgs.Unreadmsgs" time="10.559" errors="0" timestamp="2023-09-12T14:34:22 IST" skipped="0">
  <testcase classname="Unreadmsgs.Unreadmsgs" name="Test3" time="10.559"/>
  <system-out/>
</testsuite> <!-- Unreadmsgs.Unreadmsgs -->
