<?xml version="1.0" encoding="UTF-8"?>
<!-- Generated by org.testng.reporters.JUnitReportReporter -->
<testsuite hostname="ajay-singh-lodhi" failures="0" tests="12" name="controls.Miscellaneouschat" time="189.419" errors="0" timestamp="2023-05-19T14:50:30 IST" skipped="0">
  <testcase classname="controls.Miscellaneouschat" name="test04" time="14.799"/>
  <system-out/>
  <testcase classname="controls.Miscellaneouschat" name="test10" time="13.345"/>
  <system-out/>
  <testcase classname="controls.Miscellaneouschat" name="test08" time="9.170"/>
  <system-out/>
  <testcase classname="controls.Miscellaneouschat" name="test07" time="9.203"/>
  <system-out/>
  <testcase classname="controls.Miscellaneouschat" name="test06" time="22.838"/>
  <system-out/>
  <testcase classname="controls.Miscellaneouschat" name="test01" time="9.100"/>
  <system-out/>
  <testcase classname="controls.Miscellaneouschat" name="test05" time="14.117"/>
  <system-out/>
  <testcase classname="controls.Miscellaneouschat" name="test03" time="25.090"/>
  <system-out/>
  <testcase classname="controls.Miscellaneouschat" name="test09" time="24.580"/>
  <system-out/>
  <testcase classname="controls.Miscellaneouschat" name="test02" time="9.052"/>
  <system-out/>
  <testcase classname="controls.Miscellaneouschat" name="test00" time="24.481"/>
  <system-out/>
  <testcase classname="controls.Miscellaneouschat" name="test11" time="13.644"/>
  <system-out/>
</testsuite> <!-- controls.Miscellaneouschat -->
