<?xml version="1.0" encoding="UTF-8"?>
<!-- Generated by org.testng.reporters.JUnitReportReporter -->
<testsuite hostname="ajay-singh-lodhi" failures="0" tests="1" name="Forkout.forkoutmsgs" time="17.985" errors="0" timestamp="2022-12-26T11:39:24 IST" skipped="0">
  <testcase classname="Forkout.forkoutmsgs" name="test" time="17.985"/>
  <system-out/>
</testsuite> <!-- Forkout.forkoutmsgs -->
