<?xml version="1.0" encoding="UTF-8"?>
<!-- Generated by org.testng.reporters.JUnitReportReporter -->
<testsuite hostname="ajay-singh-lodhi" failures="0" tests="3" name="ExtentReport.blankpage" time="12.151" errors="0" timestamp="2021-10-01T14:23:30 IST" skipped="0">
  <testcase classname="ExtentReport.blankpage" name="TestCase9" time="3.297"/>
  <system-out/>
  <testcase classname="ExtentReport.blankpage" name="doLogin" time="2.251"/>
  <system-out/>
  <testcase classname="ExtentReport.blankpage" name="testStartAndEndTimeOnReports" time="6.603"/>
  <system-out/>
</testsuite> <!-- ExtentReport.blankpage -->
