<?xml version="1.0" encoding="UTF-8"?>
<!-- Generated by org.testng.reporters.JUnitReportReporter -->
<testsuite hostname="ajay-singh-lodhi" failures="0" tests="18" name="users.Adduser" time="310.659" errors="0" timestamp="2022-04-21T17:33:28 IST" skipped="0">
  <testcase classname="users.Adduser" name="testcase15" time="19.272"/>
  <system-out/>
  <testcase classname="users.Adduser" name="testcase13" time="18.696"/>
  <system-out/>
  <testcase classname="users.Adduser" name="testcase16" time="20.623"/>
  <system-out/>
  <testcase classname="users.Adduser" name="test1" time="14.949"/>
  <system-out/>
  <testcase classname="users.Adduser" name="test3" time="15.540"/>
  <system-out/>
  <testcase classname="users.Adduser" name="testcase12" time="18.348"/>
  <system-out/>
  <testcase classname="users.Adduser" name="testcase11" time="17.977"/>
  <system-out/>
  <testcase classname="users.Adduser" name="testcase10" time="17.932"/>
  <system-out/>
  <testcase classname="users.Adduser" name="testcase14" time="18.090"/>
  <system-out/>
  <testcase classname="users.Adduser" name="test" time="14.918"/>
  <system-out/>
  <testcase classname="users.Adduser" name="test8" time="15.310"/>
  <system-out/>
  <testcase classname="users.Adduser" name="test7" time="17.023"/>
  <system-out/>
  <testcase classname="users.Adduser" name="test5" time="16.478"/>
  <system-out/>
  <testcase classname="users.Adduser" name="test9" time="18.322"/>
  <system-out/>
  <testcase classname="users.Adduser" name="test6" time="16.306"/>
  <system-out/>
  <testcase classname="users.Adduser" name="testcase17" time="18.442"/>
  <system-out/>
  <testcase classname="users.Adduser" name="test2" time="15.870"/>
  <system-out/>
  <testcase classname="users.Adduser" name="test4" time="16.563"/>
  <system-out/>
</testsuite> <!-- users.Adduser -->
